GROUP,PACKAGE,CLASS,INSTRUCTION_MISSED,INSTRUCTION_COVERED,BRANCH_MISSED,BRANCH_COVERED,LINE_MISSED,LINE_COVERED,COMPLEXITY_MISSED,COMPLEXITY_COVERED,METHOD_MISSED,METHOD_COVERED
Simple Terminal Supermarket,com.sts.market.service,MarketService,0,145,0,16,0,37,0,14,0,6
Simple Terminal Supermarket,com.sts.market.repository,MarketStockRepository,0,121,0,6,0,26,0,6,0,3
Simple Terminal Supermarket,com.sts.market.repository,CartRepository,0,201,0,24,0,48,0,17,0,5
Simple Terminal Supermarket,com.sts.shared.model,CartEntry,0,25,0,0,0,9,0,5,0,5
Simple Terminal Supermarket,com.sts.shared.model,Product,0,37,0,0,0,13,0,7,0,7
Simple Terminal Supermarket,com.sts,Main,0,7,0,0,0,3,0,2,0,2
