<?xml version="1.0" encoding="UTF-8"?>
<testsuite xmlns:xsi="http://www.w3.org/2001/XMLSchema-instance" xsi:noNamespaceSchemaLocation="https://maven.apache.org/surefire/maven-surefire-plugin/xsd/surefire-test-report-3.0.xsd" version="3.0" name="com.sts.market.CartRepositoryTest" time="0.045" tests="14" errors="0" skipped="0" failures="0">
  <properties>
[...]
</properties>
  <testcase name="shouldDoNothingWhenRemovingEntryForDifferentUser" classname="com.sts.market.CartRepositoryTest" time="0.004"/>
  <testcase name="shouldRemoveEntryWhenQuantityDropsToZero" classname="com.sts.market.CartRepositoryTest" time="0.003"/>
  <testcase name="shouldAddNewEntryToEmptyCart" classname="com.sts.market.CartRepositoryTest" time="0.002"/>
  <testcase name="shouldIgnoreBlankLinesWhenReadingCartCsv" classname="com.sts.market.CartRepositoryTest" time="0.002"/>
  <testcase name="shouldWriteOnlyHeaderWhenSavingEmptyCart" classname="com.sts.market.CartRepositoryTest" time="0.002"/>
  <testcase name="shouldAccumulateQuantityWhenSameProductAddedTwice" classname="com.sts.market.CartRepositoryTest" time="0.001"/>
  <testcase name="shouldAddSeparateEntriesForDifferentUsers" classname="com.sts.market.CartRepositoryTest" time="0.002"/>
  <testcase name="shouldAddSeparateEntriesForDifferentProducts" classname="com.sts.market.CartRepositoryTest" time="0.003"/>
  <testcase name="shouldDecrementQuantityWhenPartialRemove" classname="com.sts.market.CartRepositoryTest" time="0.002"/>
  <testcase name="shouldRemoveEntryWhenRemovingMoreThanAvailable" classname="com.sts.market.CartRepositoryTest" time="0.002"/>
  <testcase name="shouldNotAffectOtherEntriesOnRemove" classname="com.sts.market.CartRepositoryTest" time="0.005"/>
  <testcase name="shouldDoNothingWhenRemovingNonExistentEntry" classname="com.sts.market.CartRepositoryTest" time="0.003"/>
  <testcase name="shouldReturnEmptyCartOnStart" classname="com.sts.market.CartRepositoryTest" time="0.002"/>
  <testcase name="shouldThrowIOExceptionWhenFileDoesNotExist" classname="com.sts.market.CartRepositoryTest" time="0.002"/>
</testsuite>