<?xml version="1.0" encoding="UTF-8"?>
<testsuite xmlns:xsi="http://www.w3.org/2001/XMLSchema-instance" xsi:noNamespaceSchemaLocation="https://maven.apache.org/surefire/maven-surefire-plugin/xsd/surefire-test-report-3.0.xsd" version="3.0" name="com.sts.market.MarketStockRepositoryTest" time="0.076" tests="9" errors="0" skipped="0" failures="0">
  <properties>
[...]
</properties>
  <testcase name="shouldReturnEmptyListWhenCsvHasOnlyHeader" classname="com.sts.market.MarketStockRepositoryTest" time="0.009"/>
  <testcase name="shouldOverwriteFileOnSave" classname="com.sts.market.MarketStockRepositoryTest" time="0.009"/>
  <testcase name="shouldSaveAllProductsToCsv" classname="com.sts.market.MarketStockRepositoryTest" time="0.008"/>
  <testcase name="shouldReadAllProductsFromCsv" classname="com.sts.market.MarketStockRepositoryTest" time="0.006"/>
  <testcase name="shouldParseProductFieldsCorrectly" classname="com.sts.market.MarketStockRepositoryTest" time="0.006"/>
  <testcase name="shouldWriteOnlyHeaderWhenSavingEmptyStock" classname="com.sts.market.MarketStockRepositoryTest" time="0.007"/>
  <testcase name="shouldPreserveAllProductsAfterSave" classname="com.sts.market.MarketStockRepositoryTest" time="0.008"/>
  <testcase name="shouldIgnoreBlankLinesWhenReadingStockCsv" classname="com.sts.market.MarketStockRepositoryTest" time="0.007"/>
  <testcase name="shouldThrowIOExceptionWhenFileDoesNotExist" classname="com.sts.market.MarketStockRepositoryTest" time="0.005"/>
</testsuite>